<?xml version="1.0" encoding="UTF-8"?>
<testng-results ignored="0" total="1" passed="1" failed="0" skipped="0">
  <reporter-output>
  </reporter-output>
  <suite started-at="2022-02-09T01:23:44 BDT" name="Default suite" finished-at="2022-02-09T01:24:06 BDT" duration-ms="21474">
    <groups>
    </groups>
    <test started-at="2022-02-09T01:23:44 BDT" name="Default test" finished-at="2022-02-09T01:24:06 BDT" duration-ms="21474">
      <class name="com.eBay.tests.Buy">
        <test-method is-config="true" signature="setUp()[pri:0, instance:com.eBay.tests.Buy@6a87026]" started-at="2022-02-09T01:23:44 BDT" name="setUp" finished-at="2022-02-09T01:23:48 BDT" duration-ms="3579" status="PASS">
          <reporter-output>
          </reporter-output>
        </test-method> <!-- setUp -->
        <test-method signature="buySection()[pri:0, instance:com.eBay.tests.Buy@6a87026]" started-at="2022-02-09T01:23:48 BDT" name="buySection" finished-at="2022-02-09T01:24:04 BDT" duration-ms="15934" status="PASS">
          <reporter-output>
          </reporter-output>
        </test-method> <!-- buySection -->
        <test-method is-config="true" signature="tearDown()[pri:0, instance:com.eBay.tests.Buy@6a87026]" started-at="2022-02-09T01:24:04 BDT" name="tearDown" finished-at="2022-02-09T01:24:06 BDT" duration-ms="1754" status="PASS">
          <reporter-output>
          </reporter-output>
        </test-method> <!-- tearDown -->
      </class> <!-- com.eBay.tests.Buy -->
    </test> <!-- Default test -->
  </suite> <!-- Default suite -->
</testng-results>
